<?xml version="1.0" encoding="UTF-8"?>
<testng-results skipped="0" failed="0" ignored="0" total="1" passed="1">
  <reporter-output>
  </reporter-output>
  <suite name="Default suite" duration-ms="31869" started-at="2020-05-01T15:35:09Z" finished-at="2020-05-01T15:35:41Z">
    <groups>
    </groups>
    <test name="Default test" duration-ms="31869" started-at="2020-05-01T15:35:09Z" finished-at="2020-05-01T15:35:41Z">
      <class name="testcases.Tc_001">
        <test-method status="PASS" signature="testcase1()[pri:0, instance:testcases.Tc_001@2ef5e5e3]" name="testcase1" duration-ms="31818" started-at="2020-05-01T21:05:09Z" finished-at="2020-05-01T21:05:41Z">
          <reporter-output>
          </reporter-output>
        </test-method> <!-- testcase1 -->
      </class> <!-- testcases.Tc_001 -->
    </test> <!-- Default test -->
  </suite> <!-- Default suite -->
</testng-results>
